{
  "stats": {
    "suites": 1,
    "tests": 3,
    "passes": 3,
    "pending": 0,
    "failures": 0,
    "start": "2023-10-05T15:17:03.128Z",
    "end": "2023-10-05T15:17:03.132Z",
    "duration": 4,
    "testsRegistered": 3,
    "passPercent": 100,
    "pendingPercent": 0,
    "other": 0,
    "hasOther": false,
    "skipped": 0,
    "hasSkipped": false
  },
  "results": [
    {
      "uuid": "5f86e017-3e26-4a94-8f6a-4e35084168e3",
      "title": "",
      "fullFile": "/Users/Volodymyr_Stefanyshyn/Documents/SQE/test/numbers-validator/isNumberEven.spec.js",
      "file": "/test/numbers-validator/isNumberEven.spec.js",
      "beforeHooks": [],
      "afterHooks": [],
      "tests": [],
      "suites": [
        {
          "uuid": "78a8b886-5df2-4ff2-a39a-93433bddfb6a",
          "title": "isNumberEven positive tests",
          "fullFile": "/Users/Volodymyr_Stefanyshyn/Documents/SQE/test/numbers-validator/isNumberEven.spec.js",
          "file": "/test/numbers-validator/isNumberEven.spec.js",
          "beforeHooks": [
            {
              "title": "\"before each\" hook in \"isNumberEven positive tests\"",
              "fullTitle": "isNumberEven positive tests \"before each\" hook in \"isNumberEven positive tests\"",
              "timedOut": false,
              "duration": 0,
              "state": null,
              "speed": null,
              "pass": false,
              "fail": false,
              "pending": false,
              "context": null,
              "code": "validator = new NumbersValidator();",
              "err": {},
              "uuid": "4def1c69-94de-4d5d-9330-ddb4314a3aa7",
              "parentUUID": "78a8b886-5df2-4ff2-a39a-93433bddfb6a",
              "isHook": true,
              "skipped": false
            }
          ],
          "afterHooks": [
            {
              "title": "\"after each\" hook in \"isNumberEven positive tests\"",
              "fullTitle": "isNumberEven positive tests \"after each\" hook in \"isNumberEven positive tests\"",
              "timedOut": false,
              "duration": 0,
              "state": null,
              "speed": null,
              "pass": false,
              "fail": false,
              "pending": false,
              "context": null,
              "code": "validator = null;",
              "err": {},
              "uuid": "567c63c0-d99b-4260-90f6-e5b6b7855aae",
              "parentUUID": "78a8b886-5df2-4ff2-a39a-93433bddfb6a",
              "isHook": true,
              "skipped": false
            }
          ],
          "tests": [
            {
              "title": "should return true when provided with even number",
              "fullTitle": "isNumberEven positive tests should return true when provided with even number",
              "timedOut": false,
              "duration": 0,
              "state": "passed",
              "speed": "fast",
              "pass": true,
              "fail": false,
              "pending": false,
              "context": null,
              "code": "const validationResults = validator.isNumberEven(4);\nexpect(validationResults).to.be.equal(true);",
              "err": {},
              "uuid": "ccebb209-e466-4d29-befb-39ba468a06c3",
              "parentUUID": "78a8b886-5df2-4ff2-a39a-93433bddfb6a",
              "isHook": false,
              "skipped": false
            },
            {
              "title": "should return falce when provided with even number",
              "fullTitle": "isNumberEven positive tests should return falce when provided with even number",
              "timedOut": false,
              "duration": 0,
              "state": "passed",
              "speed": "fast",
              "pass": true,
              "fail": false,
              "pending": false,
              "context": null,
              "code": "const validationResults = validator.isNumberEven(4);\nexpect(validationResults).to.be.equal(true);",
              "err": {},
              "uuid": "bf54469e-477e-49a0-9db2-fb73c7d2624d",
              "parentUUID": "78a8b886-5df2-4ff2-a39a-93433bddfb6a",
              "isHook": false,
              "skipped": false
            },
            {
              "title": "should throw an error when provided a string",
              "fullTitle": "isNumberEven positive tests should throw an error when provided a string",
              "timedOut": false,
              "duration": 0,
              "state": "passed",
              "speed": "fast",
              "pass": true,
              "fail": false,
              "pending": false,
              "context": null,
              "code": "expect(() => {\n  validator.isNumberEven('4');\n}).to.throw('[4] is not of type \"Number\" it is of type \"string\"');",
              "err": {},
              "uuid": "8658b301-8900-4f9c-8880-ba9877d81713",
              "parentUUID": "78a8b886-5df2-4ff2-a39a-93433bddfb6a",
              "isHook": false,
              "skipped": false
            }
          ],
          "suites": [],
          "passes": [
            "ccebb209-e466-4d29-befb-39ba468a06c3",
            "bf54469e-477e-49a0-9db2-fb73c7d2624d",
            "8658b301-8900-4f9c-8880-ba9877d81713"
          ],
          "failures": [],
          "pending": [],
          "skipped": [],
          "duration": 0,
          "root": false,
          "rootEmpty": false,
          "_timeout": 2000
        }
      ],
      "passes": [],
      "failures": [],
      "pending": [],
      "skipped": [],
      "duration": 0,
      "root": true,
      "rootEmpty": true,
      "_timeout": 2000
    }
  ],
  "meta": {
    "mocha": {
      "version": "10.2.0"
    },
    "mochawesome": {
      "options": {
        "quiet": false,
        "reportFilename": "mochawesome",
        "saveHtml": true,
        "saveJson": true,
        "consoleReporter": "spec",
        "useInlineDiffs": false,
        "code": true
      },
      "version": "7.1.3"
    },
    "marge": {
      "options": null,
      "version": "6.2.0"
    }
  }
}